The system is: Windows - 10.0.17763 - AMD64
Compiling the C compiler identification source file "CMakeCCompilerId.c" succeeded.
Compiler: C:/Program Files (x86)/Microsoft Visual Studio/2017/Enterprise/VC/Tools/MSVC/14.15.26726/bin/Hostx86/x86/cl.exe 
Build flags: 
Id flags:  

The output was:
0
Microsoft (R) Kompilator optymalizujący C/C++, wersja 19.15.26730 dla architektury x86
Copyright (C) Microsoft Corporation. Wszystkie prawa zastrzeżone.

CMakeCCompilerId.c
Microsoft (R) Incremental Linker Version 14.15.26730.0
Copyright (C) Microsoft Corporation.  All rights reserved.

/out:CMakeCCompilerId.exe 
CMakeCCompilerId.obj 


Compilation of the C compiler identification source "CMakeCCompilerId.c" produced "CMakeCCompilerId.exe"

Compilation of the C compiler identification source "CMakeCCompilerId.c" produced "CMakeCCompilerId.obj"

The C compiler identification is MSVC, found in "C:/CLion/two_words/cmake-build-debug/CMakeFiles/3.15.3/CompilerIdC/CMakeCCompilerId.exe"

Determining if the C compiler works passed with the following output:
Change Dir: C:/CLion/two_words/cmake-build-debug/CMakeFiles/CMakeTmp

Run Build Command(s):nmake /nologo cmTC_733a6\fast && 	"C:\Program Files (x86)\Microsoft Visual Studio\2017\Enterprise\VC\Tools\MSVC\14.15.26726\bin\HostX86\x86\nmake.exe" -f CMakeFiles\cmTC_733a6.dir\build.make /nologo -L                  CMakeFiles\cmTC_733a6.dir\build
Building C object CMakeFiles/cmTC_733a6.dir/testCCompiler.c.obj
	C:\PROGRA~2\MICROS~3\2017\ENTERP~1\VC\Tools\MSVC\1415~1.267\bin\Hostx86\x86\cl.exe @C:\Users\ROBERT~1\AppData\Local\Temp\nmEF1C.tmp
testCCompiler.c
Linking C executable cmTC_733a6.exe
	"C:\Program Files\JetBrains\CLion 2019.2.4\bin\cmake\win\bin\cmake.exe" -E vs_link_exe --intdir=CMakeFiles\cmTC_733a6.dir --rc=C:\PROGRA~2\WI3CF2~1\10\bin\100171~1.0\x86\rc.exe --mt=C:\PROGRA~2\WI3CF2~1\10\bin\100171~1.0\x86\mt.exe --manifests  -- C:\PROGRA~2\MICROS~3\2017\ENTERP~1\VC\Tools\MSVC\1415~1.267\bin\Hostx86\x86\link.exe /nologo @CMakeFiles\cmTC_733a6.dir\objects1.rsp @C:\Users\ROBERT~1\AppData\Local\Temp\nmF2E5.tmp



Detecting C compiler ABI info compiled with the following output:
Change Dir: C:/CLion/two_words/cmake-build-debug/CMakeFiles/CMakeTmp

Run Build Command(s):nmake /nologo cmTC_7a1b7\fast && 	"C:\Program Files (x86)\Microsoft Visual Studio\2017\Enterprise\VC\Tools\MSVC\14.15.26726\bin\HostX86\x86\nmake.exe" -f CMakeFiles\cmTC_7a1b7.dir\build.make /nologo -L                  CMakeFiles\cmTC_7a1b7.dir\build
Building C object CMakeFiles/cmTC_7a1b7.dir/CMakeCCompilerABI.c.obj
	C:\PROGRA~2\MICROS~3\2017\ENTERP~1\VC\Tools\MSVC\1415~1.267\bin\Hostx86\x86\cl.exe @C:\Users\ROBERT~1\AppData\Local\Temp\nm5C1.tmp
CMakeCCompilerABI.c
Linking C executable cmTC_7a1b7.exe
	"C:\Program Files\JetBrains\CLion 2019.2.4\bin\cmake\win\bin\cmake.exe" -E vs_link_exe --intdir=CMakeFiles\cmTC_7a1b7.dir --rc=C:\PROGRA~2\WI3CF2~1\10\bin\100171~1.0\x86\rc.exe --mt=C:\PROGRA~2\WI3CF2~1\10\bin\100171~1.0\x86\mt.exe --manifests  -- C:\PROGRA~2\MICROS~3\2017\ENTERP~1\VC\Tools\MSVC\1415~1.267\bin\Hostx86\x86\link.exe /nologo @CMakeFiles\cmTC_7a1b7.dir\objects1.rsp @C:\Users\ROBERT~1\AppData\Local\Temp\nm92D.tmp



